<?xml version="1.0" encoding="UTF-8"?>
<!-- Generated by org.testng.reporters.JUnitXMLReporter -->
<testsuite hostname="Hasee-PC" ignored="0" name="Default test" tests="5" failures="0" timestamp="2020-11-30T13:35:03 IST" time="35.584" errors="0">
  <testcase name="ValidateCreate" time="0.256" classname="loginpage.TestScript"/>
  <testcase name="ValidateEmail" time="0.377" classname="loginpage.TestScript"/>
  <testcase name="ValidatePass" time="0.474" classname="loginpage.TestScript"/>
  <testcase name="ValidateTitle" time="0.035" classname="loginpage.TestScript"/>
  <testcase name="ValidateUrl" time="0.02" classname="loginpage.TestScript"/>
</testsuite> <!-- Default test -->
