<?xml version="1.0" encoding="UTF-8"?>
<!-- Generated by org.testng.reporters.JUnitXMLReporter -->
<testsuite hostname="Hasee-PC" ignored="0" name="Test" tests="5" failures="0" timestamp="2020-12-02T11:51:13 IST" time="53.766" errors="0">
  <testcase name="ValidateCreate" time="2.515" classname="loginpage.TestScript"/>
  <testcase name="ValidateEmail" time="0.973" classname="loginpage.TestScript"/>
  <testcase name="ValidatePass" time="0.84" classname="loginpage.TestScript"/>
  <testcase name="ValidateTitle" time="0.13" classname="loginpage.TestScript"/>
  <testcase name="ValidateUrl" time="0.054" classname="loginpage.TestScript"/>
</testsuite> <!-- Test -->
